\BOOKMARK [0][-]{chapter.1}{1 The integers}{}% 1
\BOOKMARK [0][-]{chapter.2}{2 Mathematical induction}{}% 2
\BOOKMARK [0][-]{chapter.3}{3 Greatest common divisors}{}% 3
\BOOKMARK [0][-]{chapter.4}{4 Prime numbers}{}% 4
\BOOKMARK [0][-]{chapter.5}{5 Modular arithmetic}{}% 5
\BOOKMARK [0][-]{chapter.6}{6 Secret messages}{}% 6
\BOOKMARK [0][-]{chapter.7}{7 Rational, real and complex numbers}{}% 7
\BOOKMARK [0][-]{chapter.8}{8 Polynomials}{}% 8
\BOOKMARK [0][-]{chapter.9}{9 Factoring polynomials}{}% 9
\BOOKMARK [0][-]{chapter.10}{10 Resultants and discriminants}{}% 10
\BOOKMARK [0][-]{chapter.11}{11 Groups}{}% 11
\BOOKMARK [0][-]{chapter.12}{12 Permuting roots}{}% 12
\BOOKMARK [0][-]{chapter.13}{13 Fields}{}% 13
\BOOKMARK [0][-]{chapter.14}{14 Rings}{}% 14
\BOOKMARK [0][-]{chapter.15}{15 Algebraic curves in the plane}{}% 15
\BOOKMARK [0][-]{chapter.16}{16 Where plane curves intersect}{}% 16
\BOOKMARK [0][-]{chapter.17}{17 Quotient rings}{}% 17
\BOOKMARK [0][-]{chapter.18}{18 Field extensions and algebraic curves}{}% 18
\BOOKMARK [0][-]{chapter.19}{19 The projective plane}{}% 19
\BOOKMARK [0][-]{chapter.20}{20 Algebraic curves in the projective plane}{}% 20
\BOOKMARK [0][-]{chapter.21}{21 Families of plane curves}{}% 21
\BOOKMARK [0][-]{chapter.22}{22 The tangent line}{}% 22
\BOOKMARK [0][-]{chapter.23}{23 Projective duality}{}% 23
\BOOKMARK [0][-]{chapter.24}{24 Polynomial equations have solutions}{}% 24
\BOOKMARK [0][-]{chapter.25}{25 More projective planes}{}% 25
\BOOKMARK [0][-]{section*.120}{Bibliography}{}% 26
\BOOKMARK [0][-]{section*.122}{List of notation}{}% 27
\BOOKMARK [0][-]{section*.123}{}{}% 28
