This is pdfTeX, Version 3.14159265-2.6-1.40.16 (TeX Live 2015) (preloaded format=pdflatex 2015.7.30)  11 APR 2016 20:15
entering extended mode
 restricted \write18 enabled.
 %&-line parsing enabled.
**algebraic-curves.tex
(./algebraic-curves.tex
LaTeX2e <2015/01/01> patch level 2
Babel <3.9l> and hyphenation patterns for 79 languages loaded.
! Undefined control sequence.
l.1 \chapter
            {Algebraic curves in the plane}
? 
! Emergency stop.
l.1 \chapter
            {Algebraic curves in the plane}
End of file on the terminal!

 
Here is how much of TeX's memory you used:
 5 strings out of 493093
 163 string characters out of 6134995
 53225 words of memory out of 5000000
 3589 multiletter control sequences out of 15000+600000
 3640 words of font info for 14 fonts, out of 8000000 for 9000
 1141 hyphenation exceptions out of 8191
 5i,0n,1p,62b,8s stack positions out of 5000i,500n,10000p,200000b,80000s
!  ==> Fatal error occurred, no output PDF file produced!
