This is pdfTeX, Version 3.14159265-2.6-1.40.17 (TeX Live 2016) (preloaded format=pdflatex 2016.7.1)  19 DEC 2016 15:29
entering extended mode
 \write18 enabled.
 %&-line parsing enabled.
**nullstellensatz.tex
(./nullstellensatz.tex
LaTeX2e <2016/03/31> patch level 2
Babel <3.9r> and hyphenation patterns for 83 language(s) loaded.
! Undefined control sequence.
l.1 \chapter
            {Polynomial equations have solutions}
? 
! Emergency stop.
l.1 \chapter
            {Polynomial equations have solutions}
End of file on the terminal!

 
Here is how much of TeX's memory you used:
 5 strings out of 493013
 159 string characters out of 6133329
 53626 words of memory out of 5000000
 3649 multiletter control sequences out of 15000+600000
 3640 words of font info for 14 fonts, out of 8000000 for 9000
 1141 hyphenation exceptions out of 8191
 5i,0n,1p,67b,8s stack positions out of 5000i,500n,10000p,200000b,80000s
!  ==> Fatal error occurred, no output PDF file produced!
